{"H:\\All-New-Start\\React-Js\\sab-kuch\\src\\layout\\Props-type.tsx": {"path":"H:\\All-New-Start\\React-Js\\sab-kuch\\src\\layout\\Props-type.tsx","statementMap":{"0":{"start":{"line":1,"column":0},"end":{"line":1,"column":39}},"1":{"start":{"line":2,"column":0},"end":{"line":2,"column":55}},"2":{"start":{"line":4,"column":0},"end":{"line":4,"column":45}},"3":{"start":{"line":5,"column":14},"end":{"line":5,"column":49}},"4":{"start":{"line":5,"column":24},"end":{"line":5,"column":48}},"5":{"start":{"line":7,"column":19},"end":{"line":39,"column":1}},"6":{"start":{"line":9,"column":29},"end":{"line":9,"column":78}},"7":{"start":{"line":9,"column":63},"end":{"line":9,"column":77}},"8":{"start":{"line":10,"column":19},"end":{"line":10,"column":32}},"9":{"start":{"line":12,"column":18},"end":{"line":14,"column":3}},"10":{"start":{"line":13,"column":4},"end":{"line":13,"column":29}},"11":{"start":{"line":17,"column":17},"end":{"line":19,"column":3}},"12":{"start":{"line":18,"column":4},"end":{"line":18,"column":31}},"13":{"start":{"line":20,"column":2},"end":{"line":38,"column":4}},"14":{"start":{"line":28,"column":14},"end":{"line":32,"column":16}},"15":{"start":{"line":40,"column":0},"end":{"line":40,"column":26}}},"fnMap":{"0":{"name":"(anonymous_9)","decl":{"start":{"line":5,"column":19},"end":{"line":5,"column":22}},"loc":{"start":{"line":5,"column":24},"end":{"line":5,"column":48}}},"1":{"name":"(anonymous_10)","decl":{"start":{"line":5,"column":24},"end":{"line":5,"column":32}},"loc":{"start":{"line":5,"column":24},"end":{"line":5,"column":48}}},"2":{"name":"(anonymous_11)","decl":{"start":{"line":7,"column":19},"end":{"line":7,"column":22}},"loc":{"start":{"line":7,"column":24},"end":{"line":39,"column":1}}},"3":{"name":"(anonymous_12)","decl":{"start":{"line":9,"column":41},"end":{"line":9,"column":42}},"loc":{"start":{"line":9,"column":63},"end":{"line":9,"column":77}}},"4":{"name":"(anonymous_13)","decl":{"start":{"line":12,"column":18},"end":{"line":12,"column":21}},"loc":{"start":{"line":12,"column":23},"end":{"line":14,"column":3}}},"5":{"name":"(anonymous_14)","decl":{"start":{"line":17,"column":17},"end":{"line":17,"column":20}},"loc":{"start":{"line":17,"column":22},"end":{"line":19,"column":3}}},"6":{"name":"(anonymous_15)","decl":{"start":{"line":27,"column":21},"end":{"line":27,"column":22}},"loc":{"start":{"line":27,"column":45},"end":{"line":33,"column":13}}}},"branchMap":{"0":{"loc":{"start":{"line":26,"column":9},"end":{"line":34,"column":15}},"type":"cond-expr","locations":[{"start":{"line":27,"column":12},"end":{"line":33,"column":14}},{"start":{"line":34,"column":12},"end":{"line":34,"column":15}}]}},"s":{"0":1,"1":1,"2":1,"3":1,"4":2,"5":1,"6":1,"7":2,"8":1,"9":1,"10":0,"11":1,"12":0,"13":1,"14":0,"15":1},"f":{"0":1,"1":1,"2":1,"3":2,"4":0,"5":0,"6":0},"b":{"0":[0,1]}}
}
