{"H:\\All-New-Start\\React-Js\\sab-kuch\\src\\layout\\ALL-Lpart-start.tsx": {"path":"H:\\All-New-Start\\React-Js\\sab-kuch\\src\\layout\\ALL-Lpart-start.tsx","statementMap":{"0":{"start":{"line":7,"column":22},"end":{"line":28,"column":1}},"1":{"start":{"line":8,"column":2},"end":{"line":27,"column":4}},"2":{"start":{"line":13,"column":10},"end":{"line":19,"column":null}},"3":{"start":{"line":20,"column":27},"end":{"line":20,"column":40}},"4":{"start":{"line":29,"column":0},"end":{"line":29,"column":29}}},"fnMap":{"0":{"name":"(anonymous_0)","decl":{"start":{"line":7,"column":22},"end":{"line":7,"column":23}},"loc":{"start":{"line":7,"column":57},"end":{"line":28,"column":1}}},"1":{"name":"(anonymous_1)","decl":{"start":{"line":12,"column":29},"end":{"line":12,"column":30}},"loc":{"start":{"line":13,"column":10},"end":{"line":19,"column":null}}},"2":{"name":"(anonymous_2)","decl":{"start":{"line":20,"column":21},"end":{"line":20,"column":24}},"loc":{"start":{"line":20,"column":27},"end":{"line":20,"column":40}}}},"branchMap":{"0":{"loc":{"start":{"line":16,"column":21},"end":{"line":16,"column":51}},"type":"cond-expr","locations":[{"start":{"line":16,"column":36},"end":{"line":16,"column":42}},{"start":{"line":16,"column":45},"end":{"line":16,"column":51}}]}},"s":{"0":0,"1":0,"2":0,"3":0,"4":0},"f":{"0":0,"1":0,"2":0},"b":{"0":[0,0]}}
,"H:\\All-New-Start\\React-Js\\sab-kuch\\src\\layout\\All-Lpart-1.tsx": {"path":"H:\\All-New-Start\\React-Js\\sab-kuch\\src\\layout\\All-Lpart-1.tsx","statementMap":{"0":{"start":{"line":5,"column":0},"end":{"line":5,"column":24}},"1":{"start":{"line":1,"column":0},"end":{"line":1,"column":51}},"2":{"start":{"line":2,"column":0},"end":{"line":2,"column":39}},"3":{"start":{"line":3,"column":0},"end":{"line":3,"column":46}},"4":{"start":{"line":7,"column":26},"end":{"line":7,"column":56}},"5":{"start":{"line":8,"column":26},"end":{"line":8,"column":43}},"6":{"start":{"line":9,"column":26},"end":{"line":9,"column":43}},"7":{"start":{"line":10,"column":28},"end":{"line":10,"column":44}},"8":{"start":{"line":11,"column":36},"end":{"line":11,"column":60}},"9":{"start":{"line":12,"column":28},"end":{"line":16,"column":4}},"10":{"start":{"line":17,"column":28},"end":{"line":21,"column":4}},"11":{"start":{"line":22,"column":28},"end":{"line":26,"column":4}},"12":{"start":{"line":27,"column":28},"end":{"line":31,"column":4}},"13":{"start":{"line":32,"column":16},"end":{"line":34,"column":3}},"14":{"start":{"line":33,"column":4},"end":{"line":33,"column":38}},"15":{"start":{"line":39,"column":19},"end":{"line":43,"column":3}},"16":{"start":{"line":40,"column":18},"end":{"line":40,"column":27}},"17":{"start":{"line":41,"column":4},"end":{"line":41,"column":41}},"18":{"start":{"line":42,"column":4},"end":{"line":42,"column":19}},"19":{"start":{"line":45,"column":16},"end":{"line":49,"column":3}},"20":{"start":{"line":46,"column":18},"end":{"line":46,"column":27}},"21":{"start":{"line":47,"column":4},"end":{"line":47,"column":25}},"22":{"start":{"line":48,"column":4},"end":{"line":48,"column":19}},"23":{"start":{"line":50,"column":17},"end":{"line":53,"column":3}},"24":{"start":{"line":51,"column":4},"end":{"line":51,"column":24}},"25":{"start":{"line":52,"column":4},"end":{"line":52,"column":22}},"26":{"start":{"line":54,"column":19},"end":{"line":57,"column":3}},"27":{"start":{"line":55,"column":4},"end":{"line":55,"column":24}},"28":{"start":{"line":56,"column":4},"end":{"line":56,"column":23}},"29":{"start":{"line":59,"column":18},"end":{"line":72,"column":3}},"30":{"start":{"line":60,"column":15},"end":{"line":60,"column":25}},"31":{"start":{"line":61,"column":15},"end":{"line":61,"column":25}},"32":{"start":{"line":62,"column":4},"end":{"line":69,"column":7}},"33":{"start":{"line":63,"column":6},"end":{"line":67,"column":7}},"34":{"start":{"line":64,"column":21},"end":{"line":64,"column":36}},"35":{"start":{"line":65,"column":8},"end":{"line":65,"column":42}},"36":{"start":{"line":66,"column":8},"end":{"line":66,"column":31}},"37":{"start":{"line":68,"column":6},"end":{"line":68,"column":32}},"38":{"start":{"line":70,"column":4},"end":{"line":70,"column":19}},"39":{"start":{"line":71,"column":4},"end":{"line":71,"column":19}},"40":{"start":{"line":74,"column":22},"end":{"line":78,"column":3}},"41":{"start":{"line":75,"column":19},"end":{"line":75,"column":29}},"42":{"start":{"line":76,"column":4},"end":{"line":76,"column":45}},"43":{"start":{"line":77,"column":4},"end":{"line":77,"column":21}},"44":{"start":{"line":80,"column":26},"end":{"line":91,"column":3}},"45":{"start":{"line":81,"column":17},"end":{"line":81,"column":27}},"46":{"start":{"line":82,"column":4},"end":{"line":82,"column":45}},"47":{"start":{"line":83,"column":4},"end":{"line":83,"column":21}},"48":{"start":{"line":84,"column":18},"end":{"line":84,"column":28}},"49":{"start":{"line":85,"column":18},"end":{"line":85,"column":28}},"50":{"start":{"line":86,"column":4},"end":{"line":86,"column":32}},"51":{"start":{"line":87,"column":4},"end":{"line":87,"column":50}},"52":{"start":{"line":88,"column":4},"end":{"line":88,"column":26}},"53":{"start":{"line":89,"column":4},"end":{"line":89,"column":22}},"54":{"start":{"line":90,"column":4},"end":{"line":90,"column":22}},"55":{"start":{"line":92,"column":26},"end":{"line":104,"column":3}},"56":{"start":{"line":93,"column":17},"end":{"line":93,"column":27}},"57":{"start":{"line":94,"column":4},"end":{"line":94,"column":45}},"58":{"start":{"line":95,"column":4},"end":{"line":95,"column":21}},"59":{"start":{"line":96,"column":18},"end":{"line":96,"column":28}},"60":{"start":{"line":97,"column":18},"end":{"line":97,"column":28}},"61":{"start":{"line":98,"column":4},"end":{"line":98,"column":32}},"62":{"start":{"line":99,"column":4},"end":{"line":99,"column":50}},"63":{"start":{"line":100,"column":4},"end":{"line":100,"column":26}},"64":{"start":{"line":102,"column":4},"end":{"line":102,"column":22}},"65":{"start":{"line":103,"column":4},"end":{"line":103,"column":22}},"66":{"start":{"line":106,"column":2},"end":{"line":225,"column":4}},"67":{"start":{"line":113,"column":14},"end":{"line":130,"column":16}},"68":{"start":{"line":120,"column":37},"end":{"line":120,"column":53}},"69":{"start":{"line":125,"column":35},"end":{"line":125,"column":45}},"70":{"start":{"line":150,"column":36},"end":{"line":150,"column":59}},"71":{"start":{"line":156,"column":36},"end":{"line":156,"column":59}},"72":{"start":{"line":169,"column":14},"end":{"line":169,"column":null}},"73":{"start":{"line":173,"column":34},"end":{"line":173,"column":50}},"74":{"start":{"line":181,"column":14},"end":{"line":181,"column":29}},"75":{"start":{"line":193,"column":18},"end":{"line":193,"column":null}},"76":{"start":{"line":197,"column":38},"end":{"line":197,"column":58}},"77":{"start":{"line":207,"column":18},"end":{"line":207,"column":null}},"78":{"start":{"line":211,"column":38},"end":{"line":211,"column":58}}},"fnMap":{"0":{"name":"AllLart1","decl":{"start":{"line":5,"column":24},"end":{"line":5,"column":32}},"loc":{"start":{"line":5,"column":32},"end":{"line":226,"column":1}}},"1":{"name":"(anonymous_2)","decl":{"start":{"line":32,"column":16},"end":{"line":32,"column":19}},"loc":{"start":{"line":32,"column":21},"end":{"line":34,"column":3}}},"2":{"name":"(anonymous_3)","decl":{"start":{"line":39,"column":19},"end":{"line":39,"column":20}},"loc":{"start":{"line":39,"column":43},"end":{"line":43,"column":3}}},"3":{"name":"(anonymous_4)","decl":{"start":{"line":45,"column":16},"end":{"line":45,"column":17}},"loc":{"start":{"line":45,"column":29},"end":{"line":49,"column":3}}},"4":{"name":"(anonymous_5)","decl":{"start":{"line":50,"column":17},"end":{"line":50,"column":18}},"loc":{"start":{"line":50,"column":29},"end":{"line":53,"column":3}}},"5":{"name":"(anonymous_6)","decl":{"start":{"line":54,"column":19},"end":{"line":54,"column":20}},"loc":{"start":{"line":54,"column":31},"end":{"line":57,"column":3}}},"6":{"name":"(anonymous_7)","decl":{"start":{"line":59,"column":18},"end":{"line":59,"column":21}},"loc":{"start":{"line":59,"column":23},"end":{"line":72,"column":3}}},"7":{"name":"(anonymous_8)","decl":{"start":{"line":62,"column":17},"end":{"line":62,"column":18}},"loc":{"start":{"line":62,"column":41},"end":{"line":69,"column":5}}},"8":{"name":"(anonymous_9)","decl":{"start":{"line":74,"column":22},"end":{"line":74,"column":23}},"loc":{"start":{"line":74,"column":34},"end":{"line":78,"column":3}}},"9":{"name":"(anonymous_10)","decl":{"start":{"line":80,"column":26},"end":{"line":80,"column":27}},"loc":{"start":{"line":80,"column":38},"end":{"line":91,"column":3}}},"10":{"name":"(anonymous_11)","decl":{"start":{"line":92,"column":26},"end":{"line":92,"column":27}},"loc":{"start":{"line":92,"column":38},"end":{"line":104,"column":3}}},"11":{"name":"(anonymous_12)","decl":{"start":{"line":112,"column":22},"end":{"line":112,"column":23}},"loc":{"start":{"line":112,"column":46},"end":{"line":131,"column":13}}},"12":{"name":"(anonymous_13)","decl":{"start":{"line":120,"column":30},"end":{"line":120,"column":31}},"loc":{"start":{"line":120,"column":37},"end":{"line":120,"column":53}}},"13":{"name":"(anonymous_14)","decl":{"start":{"line":125,"column":29},"end":{"line":125,"column":32}},"loc":{"start":{"line":125,"column":35},"end":{"line":125,"column":45}}},"14":{"name":"(anonymous_15)","decl":{"start":{"line":150,"column":24},"end":{"line":150,"column":25}},"loc":{"start":{"line":150,"column":36},"end":{"line":150,"column":59}}},"15":{"name":"(anonymous_16)","decl":{"start":{"line":156,"column":24},"end":{"line":156,"column":25}},"loc":{"start":{"line":156,"column":36},"end":{"line":156,"column":59}}},"16":{"name":"(anonymous_17)","decl":{"start":{"line":168,"column":23},"end":{"line":168,"column":24}},"loc":{"start":{"line":169,"column":14},"end":{"line":169,"column":null}}},"17":{"name":"(anonymous_18)","decl":{"start":{"line":173,"column":28},"end":{"line":173,"column":31}},"loc":{"start":{"line":173,"column":34},"end":{"line":173,"column":50}}},"18":{"name":"(anonymous_19)","decl":{"start":{"line":180,"column":23},"end":{"line":180,"column":24}},"loc":{"start":{"line":181,"column":14},"end":{"line":181,"column":29}}},"19":{"name":"(anonymous_20)","decl":{"start":{"line":192,"column":27},"end":{"line":192,"column":28}},"loc":{"start":{"line":193,"column":18},"end":{"line":193,"column":null}}},"20":{"name":"(anonymous_21)","decl":{"start":{"line":197,"column":32},"end":{"line":197,"column":35}},"loc":{"start":{"line":197,"column":38},"end":{"line":197,"column":58}}},"21":{"name":"(anonymous_22)","decl":{"start":{"line":206,"column":27},"end":{"line":206,"column":28}},"loc":{"start":{"line":207,"column":18},"end":{"line":207,"column":null}}},"22":{"name":"(anonymous_23)","decl":{"start":{"line":211,"column":32},"end":{"line":211,"column":35}},"loc":{"start":{"line":211,"column":38},"end":{"line":211,"column":58}}}},"branchMap":{"0":{"loc":{"start":{"line":63,"column":6},"end":{"line":67,"column":7}},"type":"if","locations":[{"start":{"line":63,"column":6},"end":{"line":67,"column":7}}]},"1":{"loc":{"start":{"line":164,"column":11},"end":{"line":164,"column":60}},"type":"binary-expr","locations":[{"start":{"line":164,"column":11},"end":{"line":164,"column":20}},{"start":{"line":164,"column":24},"end":{"line":164,"column":60}}]}},"s":{"0":0,"1":0,"2":0,"3":0,"4":0,"5":0,"6":0,"7":0,"8":0,"9":0,"10":0,"11":0,"12":0,"13":0,"14":0,"15":0,"16":0,"17":0,"18":0,"19":0,"20":0,"21":0,"22":0,"23":0,"24":0,"25":0,"26":0,"27":0,"28":0,"29":0,"30":0,"31":0,"32":0,"33":0,"34":0,"35":0,"36":0,"37":0,"38":0,"39":0,"40":0,"41":0,"42":0,"43":0,"44":0,"45":0,"46":0,"47":0,"48":0,"49":0,"50":0,"51":0,"52":0,"53":0,"54":0,"55":0,"56":0,"57":0,"58":0,"59":0,"60":0,"61":0,"62":0,"63":0,"64":0,"65":0,"66":0,"67":0,"68":0,"69":0,"70":0,"71":0,"72":0,"73":0,"74":0,"75":0,"76":0,"77":0,"78":0},"f":{"0":0,"1":0,"2":0,"3":0,"4":0,"5":0,"6":0,"7":0,"8":0,"9":0,"10":0,"11":0,"12":0,"13":0,"14":0,"15":0,"16":0,"17":0,"18":0,"19":0,"20":0,"21":0,"22":0},"b":{"0":[0],"1":[0,0]}}
,"H:\\All-New-Start\\React-Js\\sab-kuch\\src\\layout\\All-skills.tsx": {"path":"H:\\All-New-Start\\React-Js\\sab-kuch\\src\\layout\\All-skills.tsx","statementMap":{"0":{"start":{"line":1,"column":0},"end":{"line":1,"column":74}},"1":{"start":{"line":2,"column":0},"end":{"line":2,"column":49}},"2":{"start":{"line":3,"column":0},"end":{"line":3,"column":47}},"3":{"start":{"line":4,"column":18},"end":{"line":164,"column":1}},"4":{"start":{"line":5,"column":15},"end":{"line":5,"column":45}},"5":{"start":{"line":6,"column":24},"end":{"line":6,"column":40}},"6":{"start":{"line":7,"column":26},"end":{"line":7,"column":50}},"7":{"start":{"line":8,"column":28},"end":{"line":15,"column":4}},"8":{"start":{"line":16,"column":28},"end":{"line":24,"column":4}},"9":{"start":{"line":26,"column":24},"end":{"line":33,"column":4}},"10":{"start":{"line":34,"column":28},"end":{"line":34,"column":45}},"11":{"start":{"line":35,"column":30},"end":{"line":35,"column":45}},"12":{"start":{"line":36,"column":35},"end":{"line":36,"column":50}},"13":{"start":{"line":37,"column":42},"end":{"line":37,"column":62}},"14":{"start":{"line":38,"column":2},"end":{"line":45,"column":13}},"15":{"start":{"line":39,"column":4},"end":{"line":44,"column":5}},"16":{"start":{"line":40,"column":15},"end":{"line":40,"column":71}},"17":{"start":{"line":40,"column":33},"end":{"line":40,"column":64}},"18":{"start":{"line":40,"column":55},"end":{"line":40,"column":63}},"19":{"start":{"line":41,"column":6},"end":{"line":43,"column":8}},"20":{"start":{"line":42,"column":8},"end":{"line":42,"column":26}},"21":{"start":{"line":46,"column":21},"end":{"line":49,"column":3}},"22":{"start":{"line":47,"column":13},"end":{"line":47,"column":55}},"23":{"start":{"line":47,"column":35},"end":{"line":47,"column":54}},"24":{"start":{"line":48,"column":4},"end":{"line":48,"column":17}},"25":{"start":{"line":51,"column":20},"end":{"line":59,"column":3}},"26":{"start":{"line":52,"column":4},"end":{"line":58,"column":7}},"27":{"start":{"line":53,"column":6},"end":{"line":57,"column":9}},"28":{"start":{"line":54,"column":21},"end":{"line":54,"column":30}},"29":{"start":{"line":55,"column":8},"end":{"line":55,"column":29}},"30":{"start":{"line":56,"column":8},"end":{"line":56,"column":22}},"31":{"start":{"line":61,"column":2},"end":{"line":75,"column":14}},"32":{"start":{"line":62,"column":4},"end":{"line":74,"column":5}},"33":{"start":{"line":63,"column":14},"end":{"line":65,"column":8}},"34":{"start":{"line":64,"column":8},"end":{"line":64,"column":58}},"35":{"start":{"line":66,"column":6},"end":{"line":73,"column":7}},"36":{"start":{"line":67,"column":8},"end":{"line":72,"column":11}},"37":{"start":{"line":68,"column":23},"end":{"line":68,"column":32}},"38":{"start":{"line":69,"column":10},"end":{"line":69,"column":30}},"39":{"start":{"line":70,"column":10},"end":{"line":70,"column":21}},"40":{"start":{"line":71,"column":10},"end":{"line":71,"column":24}},"41":{"start":{"line":78,"column":21},"end":{"line":91,"column":3}},"42":{"start":{"line":79,"column":15},"end":{"line":79,"column":33}},"43":{"start":{"line":80,"column":4},"end":{"line":80,"column":22}},"44":{"start":{"line":81,"column":24},"end":{"line":81,"column":40}},"45":{"start":{"line":82,"column":4},"end":{"line":84,"column":6}},"46":{"start":{"line":83,"column":6},"end":{"line":83,"column":33}},"47":{"start":{"line":85,"column":4},"end":{"line":85,"column":33}},"48":{"start":{"line":93,"column":2},"end":{"line":163,"column":4}},"49":{"start":{"line":100,"column":63},"end":{"line":100,"column":76}},"50":{"start":{"line":104,"column":63},"end":{"line":104,"column":77}},"51":{"start":{"line":111,"column":14},"end":{"line":111,"column":47}},"52":{"start":{"line":120,"column":14},"end":{"line":128,"column":16}},"53":{"start":{"line":123,"column":33},"end":{"line":123,"column":49}},"54":{"start":{"line":136,"column":16},"end":{"line":136,"column":47}},"55":{"start":{"line":146,"column":38},"end":{"line":146,"column":62}},"56":{"start":{"line":156,"column":31},"end":{"line":156,"column":44}},"57":{"start":{"line":165,"column":0},"end":{"line":165,"column":25}}},"fnMap":{"0":{"name":"(anonymous_0)","decl":{"start":{"line":4,"column":18},"end":{"line":4,"column":21}},"loc":{"start":{"line":4,"column":23},"end":{"line":164,"column":1}}},"1":{"name":"(anonymous_1)","decl":{"start":{"line":38,"column":12},"end":{"line":38,"column":15}},"loc":{"start":{"line":38,"column":17},"end":{"line":45,"column":3}}},"2":{"name":"(anonymous_2)","decl":{"start":{"line":40,"column":27},"end":{"line":40,"column":30}},"loc":{"start":{"line":40,"column":33},"end":{"line":40,"column":64}}},"3":{"name":"(anonymous_3)","decl":{"start":{"line":40,"column":40},"end":{"line":40,"column":41}},"loc":{"start":{"line":40,"column":55},"end":{"line":40,"column":63}}},"4":{"name":"(anonymous_4)","decl":{"start":{"line":41,"column":13},"end":{"line":41,"column":16}},"loc":{"start":{"line":41,"column":18},"end":{"line":43,"column":7}}},"5":{"name":"(anonymous_5)","decl":{"start":{"line":46,"column":21},"end":{"line":46,"column":24}},"loc":{"start":{"line":46,"column":26},"end":{"line":49,"column":3}}},"6":{"name":"(anonymous_6)","decl":{"start":{"line":47,"column":29},"end":{"line":47,"column":32}},"loc":{"start":{"line":47,"column":35},"end":{"line":47,"column":54}}},"7":{"name":"(anonymous_7)","decl":{"start":{"line":51,"column":20},"end":{"line":51,"column":21}},"loc":{"start":{"line":51,"column":32},"end":{"line":59,"column":3}}},"8":{"name":"(anonymous_8)","decl":{"start":{"line":52,"column":15},"end":{"line":52,"column":18}},"loc":{"start":{"line":52,"column":20},"end":{"line":58,"column":5}}},"9":{"name":"(anonymous_9)","decl":{"start":{"line":53,"column":15},"end":{"line":53,"column":16}},"loc":{"start":{"line":53,"column":29},"end":{"line":57,"column":7}}},"10":{"name":"(anonymous_10)","decl":{"start":{"line":61,"column":12},"end":{"line":61,"column":15}},"loc":{"start":{"line":61,"column":17},"end":{"line":75,"column":3}}},"11":{"name":"(anonymous_11)","decl":{"start":{"line":63,"column":25},"end":{"line":63,"column":26}},"loc":{"start":{"line":63,"column":39},"end":{"line":65,"column":7}}},"12":{"name":"(anonymous_12)","decl":{"start":{"line":67,"column":15},"end":{"line":67,"column":16}},"loc":{"start":{"line":67,"column":29},"end":{"line":72,"column":9}}},"13":{"name":"(anonymous_13)","decl":{"start":{"line":78,"column":21},"end":{"line":78,"column":22}},"loc":{"start":{"line":78,"column":33},"end":{"line":91,"column":3}}},"14":{"name":"(anonymous_14)","decl":{"start":{"line":82,"column":22},"end":{"line":82,"column":25}},"loc":{"start":{"line":82,"column":27},"end":{"line":84,"column":5}}},"15":{"name":"(anonymous_15)","decl":{"start":{"line":100,"column":57},"end":{"line":100,"column":60}},"loc":{"start":{"line":100,"column":63},"end":{"line":100,"column":76}}},"16":{"name":"(anonymous_16)","decl":{"start":{"line":104,"column":57},"end":{"line":104,"column":60}},"loc":{"start":{"line":104,"column":63},"end":{"line":104,"column":77}}},"17":{"name":"(anonymous_17)","decl":{"start":{"line":110,"column":23},"end":{"line":110,"column":24}},"loc":{"start":{"line":110,"column":49},"end":{"line":112,"column":13}}},"18":{"name":"(anonymous_18)","decl":{"start":{"line":119,"column":23},"end":{"line":119,"column":24}},"loc":{"start":{"line":119,"column":49},"end":{"line":129,"column":13}}},"19":{"name":"(anonymous_19)","decl":{"start":{"line":123,"column":27},"end":{"line":123,"column":30}},"loc":{"start":{"line":123,"column":33},"end":{"line":123,"column":49}}},"20":{"name":"(anonymous_20)","decl":{"start":{"line":135,"column":23},"end":{"line":135,"column":24}},"loc":{"start":{"line":135,"column":47},"end":{"line":137,"column":15}}},"21":{"name":"(anonymous_21)","decl":{"start":{"line":146,"column":26},"end":{"line":146,"column":27}},"loc":{"start":{"line":146,"column":38},"end":{"line":146,"column":62}}},"22":{"name":"(anonymous_22)","decl":{"start":{"line":156,"column":24},"end":{"line":156,"column":25}},"loc":{"start":{"line":156,"column":31},"end":{"line":156,"column":44}}}},"branchMap":{"0":{"loc":{"start":{"line":39,"column":4},"end":{"line":44,"column":5}},"type":"if","locations":[{"start":{"line":39,"column":4},"end":{"line":44,"column":5}}]},"1":{"loc":{"start":{"line":62,"column":4},"end":{"line":74,"column":5}},"type":"if","locations":[{"start":{"line":62,"column":4},"end":{"line":74,"column":5}}]},"2":{"loc":{"start":{"line":66,"column":6},"end":{"line":73,"column":7}},"type":"if","locations":[{"start":{"line":66,"column":6},"end":{"line":73,"column":7}}]},"3":{"loc":{"start":{"line":130,"column":13},"end":{"line":130,"column":37}},"type":"binary-expr","locations":[{"start":{"line":130,"column":13},"end":{"line":130,"column":23}},{"start":{"line":130,"column":27},"end":{"line":130,"column":37}}]},"4":{"loc":{"start":{"line":134,"column":13},"end":{"line":139,"column":null}},"type":"cond-expr","locations":[{"start":{"line":135,"column":14},"end":{"line":137,"column":16}},{"start":{"line":139,"column":14},"end":{"line":139,"column":36}}]},"5":{"loc":{"start":{"line":134,"column":13},"end":{"line":134,"column":34}},"type":"binary-expr","locations":[{"start":{"line":134,"column":13},"end":{"line":134,"column":16}},{"start":{"line":134,"column":20},"end":{"line":134,"column":34}}]}},"s":{"0":0,"1":0,"2":0,"3":0,"4":0,"5":0,"6":0,"7":0,"8":0,"9":0,"10":0,"11":0,"12":0,"13":0,"14":0,"15":0,"16":0,"17":0,"18":0,"19":0,"20":0,"21":0,"22":0,"23":0,"24":0,"25":0,"26":0,"27":0,"28":0,"29":0,"30":0,"31":0,"32":0,"33":0,"34":0,"35":0,"36":0,"37":0,"38":0,"39":0,"40":0,"41":0,"42":0,"43":0,"44":0,"45":0,"46":0,"47":0,"48":0,"49":0,"50":0,"51":0,"52":0,"53":0,"54":0,"55":0,"56":0,"57":0},"f":{"0":0,"1":0,"2":0,"3":0,"4":0,"5":0,"6":0,"7":0,"8":0,"9":0,"10":0,"11":0,"12":0,"13":0,"14":0,"15":0,"16":0,"17":0,"18":0,"19":0,"20":0,"21":0,"22":0},"b":{"0":[0],"1":[0],"2":[0],"3":[0,0],"4":[0,0],"5":[0,0]}}
,"H:\\All-New-Start\\React-Js\\sab-kuch\\src\\layout\\Call-API.tsx": {"path":"H:\\All-New-Start\\React-Js\\sab-kuch\\src\\layout\\Call-API.tsx","statementMap":{"0":{"start":{"line":1,"column":0},"end":{"line":1,"column":51}},"1":{"start":{"line":2,"column":0},"end":{"line":2,"column":49}},"2":{"start":{"line":3,"column":0},"end":{"line":3,"column":51}},"3":{"start":{"line":5,"column":16},"end":{"line":56,"column":1}},"4":{"start":{"line":6,"column":24},"end":{"line":6,"column":48}},"5":{"start":{"line":24,"column":2},"end":{"line":55,"column":4}},"6":{"start":{"line":30,"column":16},"end":{"line":30,"column":null}},"7":{"start":{"line":34,"column":22},"end":{"line":34,"column":null}},"8":{"start":{"line":57,"column":0},"end":{"line":57,"column":23}}},"fnMap":{"0":{"name":"(anonymous_1)","decl":{"start":{"line":5,"column":16},"end":{"line":5,"column":19}},"loc":{"start":{"line":5,"column":21},"end":{"line":56,"column":1}}},"1":{"name":"(anonymous_2)","decl":{"start":{"line":29,"column":33},"end":{"line":29,"column":34}},"loc":{"start":{"line":30,"column":16},"end":{"line":30,"column":null}}},"2":{"name":"(anonymous_3)","decl":{"start":{"line":33,"column":37},"end":{"line":33,"column":38}},"loc":{"start":{"line":34,"column":22},"end":{"line":34,"column":null}}}},"branchMap":{"0":{"loc":{"start":{"line":28,"column":11},"end":{"line":51,"column":18}},"type":"cond-expr","locations":[{"start":{"line":29,"column":14},"end":{"line":50,"column":16}},{"start":{"line":51,"column":14},"end":{"line":51,"column":18}}]},"1":{"loc":{"start":{"line":28,"column":11},"end":{"line":28,"column":54}},"type":"binary-expr","locations":[{"start":{"line":28,"column":11},"end":{"line":28,"column":25}},{"start":{"line":28,"column":29},"end":{"line":28,"column":54}}]},"2":{"loc":{"start":{"line":31,"column":19},"end":{"line":39,"column":22}},"type":"binary-expr","locations":[{"start":{"line":31,"column":19},"end":{"line":31,"column":31}},{"start":{"line":32,"column":20},"end":{"line":32,"column":43}},{"start":{"line":33,"column":20},"end":{"line":39,"column":22}}]},"3":{"loc":{"start":{"line":35,"column":25},"end":{"line":36,"column":null}},"type":"binary-expr","locations":[{"start":{"line":35,"column":25},"end":{"line":35,"column":35}},{"start":{"line":36,"column":26},"end":{"line":36,"column":52}}]}},"s":{"0":1,"1":1,"2":1,"3":1,"4":1,"5":1,"6":0,"7":0,"8":1},"f":{"0":1,"1":0,"2":0},"b":{"0":[0,1],"1":[1,0],"2":[0,0,0],"3":[0,0]}}
,"H:\\All-New-Start\\React-Js\\sab-kuch\\src\\layout\\Drop.tsx": {"path":"H:\\All-New-Start\\React-Js\\sab-kuch\\src\\layout\\Drop.tsx","statementMap":{"0":{"start":{"line":2,"column":0},"end":{"line":2,"column":null}},"1":{"start":{"line":9,"column":13},"end":{"line":34,"column":1}},"2":{"start":{"line":10,"column":26},"end":{"line":10,"column":37}},"3":{"start":{"line":11,"column":19},"end":{"line":11,"column":34}},"4":{"start":{"line":12,"column":14},"end":{"line":12,"column":27}},"5":{"start":{"line":13,"column":15},"end":{"line":13,"column":28}},"6":{"start":{"line":14,"column":2},"end":{"line":14,"column":19}},"7":{"start":{"line":15,"column":18},"end":{"line":17,"column":3}},"8":{"start":{"line":16,"column":4},"end":{"line":16,"column":24}},"9":{"start":{"line":18,"column":2},"end":{"line":33,"column":4}},"10":{"start":{"line":23,"column":8},"end":{"line":23,"column":44}},"11":{"start":{"line":36,"column":0},"end":{"line":36,"column":20}},"12":{"start":{"line":38,"column":21},"end":{"line":42,"column":1}},"13":{"start":{"line":39,"column":11},"end":{"line":39,"column":68}},"14":{"start":{"line":40,"column":11},"end":{"line":40,"column":26}},"15":{"start":{"line":41,"column":2},"end":{"line":41,"column":12}},"16":{"start":{"line":38,"column":13},"end":{"line":38,"column":21}}},"fnMap":{"0":{"name":"(anonymous_0)","decl":{"start":{"line":9,"column":13},"end":{"line":9,"column":16}},"loc":{"start":{"line":9,"column":18},"end":{"line":34,"column":1}}},"1":{"name":"(anonymous_1)","decl":{"start":{"line":15,"column":18},"end":{"line":15,"column":21}},"loc":{"start":{"line":15,"column":23},"end":{"line":17,"column":3}}},"2":{"name":"(anonymous_2)","decl":{"start":{"line":22,"column":15},"end":{"line":22,"column":16}},"loc":{"start":{"line":22,"column":39},"end":{"line":24,"column":7}}},"3":{"name":"(anonymous_3)","decl":{"start":{"line":38,"column":21},"end":{"line":38,"column":26}},"loc":{"start":{"line":38,"column":32},"end":{"line":42,"column":1}}}},"branchMap":{"0":{"loc":{"start":{"line":25,"column":7},"end":{"line":30,"column":null}},"type":"binary-expr","locations":[{"start":{"line":25,"column":7},"end":{"line":25,"column":24}},{"start":{"line":26,"column":8},"end":{"line":29,"column":null}}]}},"s":{"0":0,"1":0,"2":0,"3":0,"4":0,"5":0,"6":0,"7":0,"8":0,"9":0,"10":0,"11":0,"12":0,"13":0,"14":0,"15":0,"16":0},"f":{"0":0,"1":0,"2":0,"3":0},"b":{"0":[0,0]}}
,"H:\\All-New-Start\\React-Js\\sab-kuch\\src\\layout\\Drops1-query.tsx": {"path":"H:\\All-New-Start\\React-Js\\sab-kuch\\src\\layout\\Drops1-query.tsx","statementMap":{"0":{"start":{"line":2,"column":0},"end":{"line":2,"column":46}},"1":{"start":{"line":3,"column":0},"end":{"line":3,"column":null}},"2":{"start":{"line":10,"column":13},"end":{"line":38,"column":1}},"3":{"start":{"line":11,"column":26},"end":{"line":11,"column":37}},"4":{"start":{"line":13,"column":14},"end":{"line":13,"column":27}},"5":{"start":{"line":14,"column":14},"end":{"line":18,"column":3}},"6":{"start":{"line":15,"column":13},"end":{"line":15,"column":70}},"7":{"start":{"line":16,"column":13},"end":{"line":16,"column":28}},"8":{"start":{"line":17,"column":4},"end":{"line":17,"column":14}},"9":{"start":{"line":19,"column":43},"end":{"line":23,"column":2}},"10":{"start":{"line":27,"column":2},"end":{"line":36,"column":4}},"11":{"start":{"line":33,"column":8},"end":{"line":33,"column":44}},"12":{"start":{"line":40,"column":0},"end":{"line":40,"column":20}},"13":{"start":{"line":42,"column":21},"end":{"line":46,"column":1}},"14":{"start":{"line":43,"column":11},"end":{"line":43,"column":68}},"15":{"start":{"line":44,"column":11},"end":{"line":44,"column":26}},"16":{"start":{"line":45,"column":2},"end":{"line":45,"column":12}},"17":{"start":{"line":42,"column":13},"end":{"line":42,"column":21}}},"fnMap":{"0":{"name":"(anonymous_0)","decl":{"start":{"line":10,"column":13},"end":{"line":10,"column":16}},"loc":{"start":{"line":10,"column":18},"end":{"line":38,"column":1}}},"1":{"name":"(anonymous_1)","decl":{"start":{"line":14,"column":14},"end":{"line":14,"column":19}},"loc":{"start":{"line":14,"column":24},"end":{"line":18,"column":3}}},"2":{"name":"(anonymous_2)","decl":{"start":{"line":32,"column":54},"end":{"line":32,"column":55}},"loc":{"start":{"line":32,"column":78},"end":{"line":34,"column":7}}},"3":{"name":"(anonymous_3)","decl":{"start":{"line":42,"column":21},"end":{"line":42,"column":26}},"loc":{"start":{"line":42,"column":32},"end":{"line":46,"column":1}}}},"branchMap":{"0":{"loc":{"start":{"line":32,"column":7},"end":{"line":34,"column":8}},"type":"binary-expr","locations":[{"start":{"line":32,"column":7},"end":{"line":32,"column":24}},{"start":{"line":32,"column":28},"end":{"line":32,"column":41}},{"start":{"line":32,"column":45},"end":{"line":34,"column":8}}]}},"s":{"0":0,"1":0,"2":0,"3":0,"4":0,"5":0,"6":0,"7":0,"8":0,"9":0,"10":0,"11":0,"12":0,"13":0,"14":0,"15":0,"16":0,"17":0},"f":{"0":0,"1":0,"2":0,"3":0},"b":{"0":[0,0,0]}}
,"H:\\All-New-Start\\React-Js\\sab-kuch\\src\\layout\\Header.tsx": {"path":"H:\\All-New-Start\\React-Js\\sab-kuch\\src\\layout\\Header.tsx","statementMap":{"0":{"start":{"line":2,"column":0},"end":{"line":2,"column":43}},"1":{"start":{"line":4,"column":15},"end":{"line":106,"column":1}},"2":{"start":{"line":5,"column":20},"end":{"line":5,"column":38}},"3":{"start":{"line":6,"column":2},"end":{"line":105,"column":4}},"4":{"start":{"line":13,"column":43},"end":{"line":13,"column":72}},"5":{"start":{"line":21,"column":43},"end":{"line":21,"column":72}},"6":{"start":{"line":29,"column":43},"end":{"line":29,"column":72}},"7":{"start":{"line":37,"column":43},"end":{"line":37,"column":72}},"8":{"start":{"line":45,"column":43},"end":{"line":45,"column":72}},"9":{"start":{"line":51,"column":12},"end":{"line":60,"column":14}},"10":{"start":{"line":55,"column":47},"end":{"line":55,"column":76}},"11":{"start":{"line":65,"column":43},"end":{"line":65,"column":72}},"12":{"start":{"line":73,"column":43},"end":{"line":73,"column":72}},"13":{"start":{"line":81,"column":43},"end":{"line":81,"column":72}},"14":{"start":{"line":89,"column":43},"end":{"line":89,"column":72}},"15":{"start":{"line":97,"column":43},"end":{"line":97,"column":72}},"16":{"start":{"line":107,"column":0},"end":{"line":107,"column":22}}},"fnMap":{"0":{"name":"(anonymous_0)","decl":{"start":{"line":4,"column":15},"end":{"line":4,"column":18}},"loc":{"start":{"line":4,"column":20},"end":{"line":106,"column":1}}},"1":{"name":"(anonymous_1)","decl":{"start":{"line":13,"column":25},"end":{"line":13,"column":26}},"loc":{"start":{"line":13,"column":43},"end":{"line":13,"column":72}}},"2":{"name":"(anonymous_2)","decl":{"start":{"line":21,"column":25},"end":{"line":21,"column":26}},"loc":{"start":{"line":21,"column":43},"end":{"line":21,"column":72}}},"3":{"name":"(anonymous_3)","decl":{"start":{"line":29,"column":25},"end":{"line":29,"column":26}},"loc":{"start":{"line":29,"column":43},"end":{"line":29,"column":72}}},"4":{"name":"(anonymous_4)","decl":{"start":{"line":37,"column":25},"end":{"line":37,"column":26}},"loc":{"start":{"line":37,"column":43},"end":{"line":37,"column":72}}},"5":{"name":"(anonymous_5)","decl":{"start":{"line":45,"column":25},"end":{"line":45,"column":26}},"loc":{"start":{"line":45,"column":43},"end":{"line":45,"column":72}}},"6":{"name":"(anonymous_6)","decl":{"start":{"line":50,"column":20},"end":{"line":50,"column":21}},"loc":{"start":{"line":50,"column":44},"end":{"line":61,"column":11}}},"7":{"name":"(anonymous_7)","decl":{"start":{"line":55,"column":29},"end":{"line":55,"column":30}},"loc":{"start":{"line":55,"column":47},"end":{"line":55,"column":76}}},"8":{"name":"(anonymous_8)","decl":{"start":{"line":65,"column":25},"end":{"line":65,"column":26}},"loc":{"start":{"line":65,"column":43},"end":{"line":65,"column":72}}},"9":{"name":"(anonymous_9)","decl":{"start":{"line":73,"column":25},"end":{"line":73,"column":26}},"loc":{"start":{"line":73,"column":43},"end":{"line":73,"column":72}}},"10":{"name":"(anonymous_10)","decl":{"start":{"line":81,"column":25},"end":{"line":81,"column":26}},"loc":{"start":{"line":81,"column":43},"end":{"line":81,"column":72}}},"11":{"name":"(anonymous_11)","decl":{"start":{"line":89,"column":25},"end":{"line":89,"column":26}},"loc":{"start":{"line":89,"column":43},"end":{"line":89,"column":72}}},"12":{"name":"(anonymous_12)","decl":{"start":{"line":97,"column":25},"end":{"line":97,"column":26}},"loc":{"start":{"line":97,"column":43},"end":{"line":97,"column":72}}}},"branchMap":{"0":{"loc":{"start":{"line":13,"column":46},"end":{"line":13,"column":70}},"type":"cond-expr","locations":[{"start":{"line":13,"column":57},"end":{"line":13,"column":65}},{"start":{"line":13,"column":68},"end":{"line":13,"column":70}}]},"1":{"loc":{"start":{"line":21,"column":46},"end":{"line":21,"column":70}},"type":"cond-expr","locations":[{"start":{"line":21,"column":57},"end":{"line":21,"column":65}},{"start":{"line":21,"column":68},"end":{"line":21,"column":70}}]},"2":{"loc":{"start":{"line":29,"column":46},"end":{"line":29,"column":70}},"type":"cond-expr","locations":[{"start":{"line":29,"column":57},"end":{"line":29,"column":65}},{"start":{"line":29,"column":68},"end":{"line":29,"column":70}}]},"3":{"loc":{"start":{"line":37,"column":46},"end":{"line":37,"column":70}},"type":"cond-expr","locations":[{"start":{"line":37,"column":57},"end":{"line":37,"column":65}},{"start":{"line":37,"column":68},"end":{"line":37,"column":70}}]},"4":{"loc":{"start":{"line":45,"column":46},"end":{"line":45,"column":70}},"type":"cond-expr","locations":[{"start":{"line":45,"column":57},"end":{"line":45,"column":65}},{"start":{"line":45,"column":68},"end":{"line":45,"column":70}}]},"5":{"loc":{"start":{"line":55,"column":50},"end":{"line":55,"column":74}},"type":"cond-expr","locations":[{"start":{"line":55,"column":61},"end":{"line":55,"column":69}},{"start":{"line":55,"column":72},"end":{"line":55,"column":74}}]},"6":{"loc":{"start":{"line":65,"column":46},"end":{"line":65,"column":70}},"type":"cond-expr","locations":[{"start":{"line":65,"column":57},"end":{"line":65,"column":65}},{"start":{"line":65,"column":68},"end":{"line":65,"column":70}}]},"7":{"loc":{"start":{"line":73,"column":46},"end":{"line":73,"column":70}},"type":"cond-expr","locations":[{"start":{"line":73,"column":57},"end":{"line":73,"column":65}},{"start":{"line":73,"column":68},"end":{"line":73,"column":70}}]},"8":{"loc":{"start":{"line":81,"column":46},"end":{"line":81,"column":70}},"type":"cond-expr","locations":[{"start":{"line":81,"column":57},"end":{"line":81,"column":65}},{"start":{"line":81,"column":68},"end":{"line":81,"column":70}}]},"9":{"loc":{"start":{"line":89,"column":46},"end":{"line":89,"column":70}},"type":"cond-expr","locations":[{"start":{"line":89,"column":57},"end":{"line":89,"column":65}},{"start":{"line":89,"column":68},"end":{"line":89,"column":70}}]},"10":{"loc":{"start":{"line":97,"column":46},"end":{"line":97,"column":70}},"type":"cond-expr","locations":[{"start":{"line":97,"column":57},"end":{"line":97,"column":65}},{"start":{"line":97,"column":68},"end":{"line":97,"column":70}}]}},"s":{"0":0,"1":0,"2":0,"3":0,"4":0,"5":0,"6":0,"7":0,"8":0,"9":0,"10":0,"11":0,"12":0,"13":0,"14":0,"15":0,"16":0},"f":{"0":0,"1":0,"2":0,"3":0,"4":0,"5":0,"6":0,"7":0,"8":0,"9":0,"10":0,"11":0,"12":0},"b":{"0":[0,0],"1":[0,0],"2":[0,0],"3":[0,0],"4":[0,0],"5":[0,0],"6":[0,0],"7":[0,0],"8":[0,0],"9":[0,0],"10":[0,0]}}
,"H:\\All-New-Start\\React-Js\\sab-kuch\\src\\layout\\Home.tsx": {"path":"H:\\All-New-Start\\React-Js\\sab-kuch\\src\\layout\\Home.tsx","statementMap":{"0":{"start":{"line":3,"column":13},"end":{"line":5,"column":1}},"1":{"start":{"line":4,"column":2},"end":{"line":4,"column":64}},"2":{"start":{"line":6,"column":0},"end":{"line":6,"column":20}}},"fnMap":{"0":{"name":"(anonymous_0)","decl":{"start":{"line":3,"column":13},"end":{"line":3,"column":16}},"loc":{"start":{"line":3,"column":18},"end":{"line":5,"column":1}}}},"branchMap":{},"s":{"0":0,"1":0,"2":0},"f":{"0":0},"b":{}}
,"H:\\All-New-Start\\React-Js\\sab-kuch\\src\\layout\\Hook3.tsx": {"path":"H:\\All-New-Start\\React-Js\\sab-kuch\\src\\layout\\Hook3.tsx","statementMap":{"0":{"start":{"line":1,"column":0},"end":{"line":1,"column":68}},"1":{"start":{"line":7,"column":15},"end":{"line":20,"column":1}},"2":{"start":{"line":8,"column":21},"end":{"line":8,"column":45}},"3":{"start":{"line":9,"column":2},"end":{"line":12,"column":27}},"4":{"start":{"line":10,"column":4},"end":{"line":10,"column":42}},"5":{"start":{"line":11,"column":4},"end":{"line":11,"column":39}},"6":{"start":{"line":13,"column":2},"end":{"line":19,"column":19}},"7":{"start":{"line":14,"column":14},"end":{"line":14,"column":16}},"8":{"start":{"line":15,"column":4},"end":{"line":17,"column":5}},"9":{"start":{"line":15,"column":17},"end":{"line":15,"column":18}},"10":{"start":{"line":16,"column":6},"end":{"line":16,"column":48}},"11":{"start":{"line":18,"column":4},"end":{"line":18,"column":15}},"12":{"start":{"line":21,"column":0},"end":{"line":21,"column":22}}},"fnMap":{"0":{"name":"(anonymous_0)","decl":{"start":{"line":7,"column":15},"end":{"line":7,"column":16}},"loc":{"start":{"line":7,"column":40},"end":{"line":20,"column":1}}},"1":{"name":"(anonymous_1)","decl":{"start":{"line":9,"column":12},"end":{"line":9,"column":15}},"loc":{"start":{"line":9,"column":17},"end":{"line":12,"column":3}}},"2":{"name":"(anonymous_2)","decl":{"start":{"line":13,"column":17},"end":{"line":13,"column":20}},"loc":{"start":{"line":13,"column":22},"end":{"line":19,"column":3}}}},"branchMap":{},"s":{"0":0,"1":0,"2":0,"3":0,"4":0,"5":0,"6":0,"7":0,"8":0,"9":0,"10":0,"11":0,"12":0},"f":{"0":0,"1":0,"2":0},"b":{}}
,"H:\\All-New-Start\\React-Js\\sab-kuch\\src\\layout\\Hook4.tsx": {"path":"H:\\All-New-Start\\React-Js\\sab-kuch\\src\\layout\\Hook4.tsx","statementMap":{"0":{"start":{"line":3,"column":0},"end":{"line":3,"column":24}},"1":{"start":{"line":1,"column":0},"end":{"line":1,"column":54}},"2":{"start":{"line":2,"column":0},"end":{"line":2,"column":42}},"3":{"start":{"line":4,"column":15},"end":{"line":4,"column":45}},"4":{"start":{"line":5,"column":16},"end":{"line":7,"column":4}},"5":{"start":{"line":8,"column":37},"end":{"line":8,"column":70}},"6":{"start":{"line":9,"column":2},"end":{"line":31,"column":4}},"7":{"start":{"line":18,"column":28},"end":{"line":18,"column":40}},"8":{"start":{"line":19,"column":14},"end":{"line":21,"column":15}},"9":{"start":{"line":20,"column":16},"end":{"line":20,"column":39}}},"fnMap":{"0":{"name":"Hook4","decl":{"start":{"line":3,"column":24},"end":{"line":3,"column":29}},"loc":{"start":{"line":3,"column":29},"end":{"line":32,"column":1}}},"1":{"name":"(anonymous_1)","decl":{"start":{"line":17,"column":21},"end":{"line":17,"column":24}},"loc":{"start":{"line":17,"column":26},"end":{"line":22,"column":13}}}},"branchMap":{"0":{"loc":{"start":{"line":19,"column":14},"end":{"line":21,"column":15}},"type":"if","locations":[{"start":{"line":19,"column":14},"end":{"line":21,"column":15}}]},"1":{"loc":{"start":{"line":27,"column":39},"end":{"line":27,"column":71}},"type":"cond-expr","locations":[{"start":{"line":27,"column":49},"end":{"line":27,"column":58}},{"start":{"line":27,"column":61},"end":{"line":27,"column":71}}]}},"s":{"0":0,"1":0,"2":0,"3":0,"4":0,"5":0,"6":0,"7":0,"8":0,"9":0},"f":{"0":0,"1":0},"b":{"0":[0],"1":[0,0]}}
,"H:\\All-New-Start\\React-Js\\sab-kuch\\src\\layout\\Hook5.tsx": {"path":"H:\\All-New-Start\\React-Js\\sab-kuch\\src\\layout\\Hook5.tsx","statementMap":{"0":{"start":{"line":3,"column":0},"end":{"line":3,"column":24}},"1":{"start":{"line":1,"column":0},"end":{"line":1,"column":49}},"2":{"start":{"line":4,"column":29},"end":{"line":4,"column":45}},"3":{"start":{"line":5,"column":28},"end":{"line":5,"column":44}},"4":{"start":{"line":6,"column":16},"end":{"line":9,"column":12}},"5":{"start":{"line":7,"column":4},"end":{"line":7,"column":36}},"6":{"start":{"line":8,"column":4},"end":{"line":8,"column":null}},"7":{"start":{"line":11,"column":2},"end":{"line":33,"column":4}},"8":{"start":{"line":18,"column":23},"end":{"line":18,"column":43}},"9":{"start":{"line":28,"column":23},"end":{"line":28,"column":42}}},"fnMap":{"0":{"name":"Hooks5","decl":{"start":{"line":3,"column":24},"end":{"line":3,"column":30}},"loc":{"start":{"line":3,"column":30},"end":{"line":34,"column":1}}},"1":{"name":"(anonymous_1)","decl":{"start":{"line":6,"column":24},"end":{"line":6,"column":27}},"loc":{"start":{"line":6,"column":29},"end":{"line":9,"column":3}}},"2":{"name":"(anonymous_2)","decl":{"start":{"line":18,"column":17},"end":{"line":18,"column":20}},"loc":{"start":{"line":18,"column":23},"end":{"line":18,"column":43}}},"3":{"name":"(anonymous_3)","decl":{"start":{"line":28,"column":17},"end":{"line":28,"column":20}},"loc":{"start":{"line":28,"column":23},"end":{"line":28,"column":42}}}},"branchMap":{},"s":{"0":0,"1":0,"2":0,"3":0,"4":0,"5":0,"6":0,"7":0,"8":0,"9":0},"f":{"0":0,"1":0,"2":0,"3":0},"b":{}}
,"H:\\All-New-Start\\React-Js\\sab-kuch\\src\\layout\\Hook6.tsx": {"path":"H:\\All-New-Start\\React-Js\\sab-kuch\\src\\layout\\Hook6.tsx","statementMap":{"0":{"start":{"line":7,"column":0},"end":{"line":7,"column":24}},"1":{"start":{"line":8,"column":2},"end":{"line":8,"column":46}},"2":{"start":{"line":10,"column":2},"end":{"line":10,"column":32}}},"fnMap":{"0":{"name":"Hooks6","decl":{"start":{"line":7,"column":24},"end":{"line":7,"column":30}},"loc":{"start":{"line":7,"column":51},"end":{"line":11,"column":1}}}},"branchMap":{},"s":{"0":0,"1":0,"2":0},"f":{"0":0},"b":{}}
,"H:\\All-New-Start\\React-Js\\sab-kuch\\src\\layout\\Hooks2.tsx": {"path":"H:\\All-New-Start\\React-Js\\sab-kuch\\src\\layout\\Hooks2.tsx","statementMap":{"0":{"start":{"line":1,"column":0},"end":{"line":1,"column":80}},"1":{"start":{"line":7,"column":15},"end":{"line":33,"column":1}},"2":{"start":{"line":8,"column":14},"end":{"line":8,"column":21}},"3":{"start":{"line":9,"column":28},"end":{"line":9,"column":52}},"4":{"start":{"line":10,"column":2},"end":{"line":14,"column":5}},"5":{"start":{"line":11,"column":4},"end":{"line":13,"column":6}},"6":{"start":{"line":12,"column":19},"end":{"line":12,"column":28}},"7":{"start":{"line":15,"column":18},"end":{"line":17,"column":3}},"8":{"start":{"line":16,"column":4},"end":{"line":16,"column":37}},"9":{"start":{"line":18,"column":2},"end":{"line":18,"column":26}},"10":{"start":{"line":19,"column":2},"end":{"line":32,"column":4}},"11":{"start":{"line":24,"column":25},"end":{"line":24,"column":70}},"12":{"start":{"line":34,"column":0},"end":{"line":34,"column":34}}},"fnMap":{"0":{"name":"(anonymous_0)","decl":{"start":{"line":7,"column":15},"end":{"line":7,"column":16}},"loc":{"start":{"line":7,"column":38},"end":{"line":33,"column":1}}},"1":{"name":"(anonymous_1)","decl":{"start":{"line":10,"column":28},"end":{"line":10,"column":31}},"loc":{"start":{"line":10,"column":33},"end":{"line":14,"column":3}}},"2":{"name":"(anonymous_2)","decl":{"start":{"line":12,"column":13},"end":{"line":12,"column":16}},"loc":{"start":{"line":12,"column":19},"end":{"line":12,"column":28}}},"3":{"name":"(anonymous_3)","decl":{"start":{"line":15,"column":18},"end":{"line":15,"column":21}},"loc":{"start":{"line":15,"column":23},"end":{"line":17,"column":3}}},"4":{"name":"(anonymous_4)","decl":{"start":{"line":24,"column":19},"end":{"line":24,"column":22}},"loc":{"start":{"line":24,"column":25},"end":{"line":24,"column":70}}}},"branchMap":{"0":{"loc":{"start":{"line":24,"column":34},"end":{"line":24,"column":69}},"type":"cond-expr","locations":[{"start":{"line":24,"column":53},"end":{"line":24,"column":60}},{"start":{"line":24,"column":63},"end":{"line":24,"column":69}}]}},"s":{"0":0,"1":0,"2":0,"3":0,"4":0,"5":0,"6":0,"7":0,"8":0,"9":0,"10":0,"11":0,"12":0},"f":{"0":0,"1":0,"2":0,"3":0,"4":0},"b":{"0":[0,0]}}
,"H:\\All-New-Start\\React-Js\\sab-kuch\\src\\layout\\Life-cycle.tsx": {"path":"H:\\All-New-Start\\React-Js\\sab-kuch\\src\\layout\\Life-cycle.tsx","statementMap":{"0":{"start":{"line":1,"column":0},"end":{"line":1,"column":66}},"1":{"start":{"line":3,"column":13},"end":{"line":3,"column":50}},"2":{"start":{"line":4,"column":18},"end":{"line":48,"column":1}},"3":{"start":{"line":5,"column":26},"end":{"line":5,"column":42}},"4":{"start":{"line":6,"column":28},"end":{"line":6,"column":50}},"5":{"start":{"line":16,"column":15},"end":{"line":18,"column":3}},"6":{"start":{"line":17,"column":4},"end":{"line":17,"column":null}},"7":{"start":{"line":19,"column":2},"end":{"line":28,"column":5}},"8":{"start":{"line":20,"column":4},"end":{"line":20,"column":32}},"9":{"start":{"line":21,"column":4},"end":{"line":21,"column":null}},"10":{"start":{"line":24,"column":4},"end":{"line":27,"column":6}},"11":{"start":{"line":25,"column":6},"end":{"line":25,"column":44}},"12":{"start":{"line":26,"column":6},"end":{"line":26,"column":null}},"13":{"start":{"line":30,"column":2},"end":{"line":47,"column":4}},"14":{"start":{"line":36,"column":25},"end":{"line":36,"column":42}},"15":{"start":{"line":49,"column":0},"end":{"line":49,"column":25}}},"fnMap":{"0":{"name":"(anonymous_0)","decl":{"start":{"line":4,"column":18},"end":{"line":4,"column":21}},"loc":{"start":{"line":4,"column":23},"end":{"line":48,"column":1}}},"1":{"name":"(anonymous_1)","decl":{"start":{"line":16,"column":15},"end":{"line":16,"column":17}},"loc":{"start":{"line":16,"column":19},"end":{"line":18,"column":3}}},"2":{"name":"(anonymous_2)","decl":{"start":{"line":19,"column":12},"end":{"line":19,"column":15}},"loc":{"start":{"line":19,"column":17},"end":{"line":28,"column":3}}},"3":{"name":"(anonymous_3)","decl":{"start":{"line":24,"column":11},"end":{"line":24,"column":14}},"loc":{"start":{"line":24,"column":16},"end":{"line":27,"column":5}}},"4":{"name":"(anonymous_4)","decl":{"start":{"line":36,"column":19},"end":{"line":36,"column":22}},"loc":{"start":{"line":36,"column":25},"end":{"line":36,"column":42}}}},"branchMap":{},"s":{"0":0,"1":0,"2":0,"3":0,"4":0,"5":0,"6":0,"7":0,"8":0,"9":0,"10":0,"11":0,"12":0,"13":0,"14":0,"15":0},"f":{"0":0,"1":0,"2":0,"3":0,"4":0},"b":{}}
,"H:\\All-New-Start\\React-Js\\sab-kuch\\src\\layout\\Life-cycle2.tsx": {"path":"H:\\All-New-Start\\React-Js\\sab-kuch\\src\\layout\\Life-cycle2.tsx","statementMap":{"0":{"start":{"line":7,"column":2},"end":{"line":7,"column":38}},"1":{"start":{"line":10,"column":0},"end":{"line":10,"column":26}}},"fnMap":{"0":{"name":"Lifecycle2","decl":{"start":{"line":4,"column":9},"end":{"line":4,"column":19}},"loc":{"start":{"line":4,"column":19},"end":{"line":8,"column":1}}}},"branchMap":{},"s":{"0":0,"1":0},"f":{"0":0},"b":{}}
,"H:\\All-New-Start\\React-Js\\sab-kuch\\src\\layout\\Loader.tsx": {"path":"H:\\All-New-Start\\React-Js\\sab-kuch\\src\\layout\\Loader.tsx","statementMap":{"0":{"start":{"line":3,"column":0},"end":{"line":3,"column":24}},"1":{"start":{"line":4,"column":2},"end":{"line":13,"column":4}}},"fnMap":{"0":{"name":"Loader","decl":{"start":{"line":3,"column":24},"end":{"line":3,"column":30}},"loc":{"start":{"line":3,"column":30},"end":{"line":14,"column":1}}}},"branchMap":{},"s":{"0":0,"1":0},"f":{"0":0},"b":{}}
,"H:\\All-New-Start\\React-Js\\sab-kuch\\src\\layout\\Props-child.tsx": {"path":"H:\\All-New-Start\\React-Js\\sab-kuch\\src\\layout\\Props-child.tsx","statementMap":{"0":{"start":{"line":8,"column":0},"end":{"line":8,"column":24}},"1":{"start":{"line":9,"column":2},"end":{"line":16,"column":4}}},"fnMap":{"0":{"name":"Propschild","decl":{"start":{"line":8,"column":24},"end":{"line":8,"column":34}},"loc":{"start":{"line":8,"column":61},"end":{"line":17,"column":1}}}},"branchMap":{},"s":{"0":0,"1":0},"f":{"0":0},"b":{}}
,"H:\\All-New-Start\\React-Js\\sab-kuch\\src\\layout\\Table-print.tsx": {"path":"H:\\All-New-Start\\React-Js\\sab-kuch\\src\\layout\\Table-print.tsx","statementMap":{"0":{"start":{"line":7,"column":0},"end":{"line":7,"column":24}},"1":{"start":{"line":8,"column":2},"end":{"line":27,"column":4}},"2":{"start":{"line":13,"column":12},"end":{"line":13,"column":null}},"3":{"start":{"line":15,"column":16},"end":{"line":15,"column":null}}},"fnMap":{"0":{"name":"Tableprint","decl":{"start":{"line":7,"column":24},"end":{"line":7,"column":34}},"loc":{"start":{"line":7,"column":60},"end":{"line":28,"column":1}}},"1":{"name":"(anonymous_1)","decl":{"start":{"line":12,"column":41},"end":{"line":12,"column":42}},"loc":{"start":{"line":13,"column":12},"end":{"line":13,"column":null}}},"2":{"name":"(anonymous_2)","decl":{"start":{"line":14,"column":45},"end":{"line":14,"column":46}},"loc":{"start":{"line":15,"column":16},"end":{"line":15,"column":null}}}},"branchMap":{},"s":{"0":0,"1":0,"2":0,"3":0},"f":{"0":0,"1":0,"2":0},"b":{}}
,"H:\\All-New-Start\\React-Js\\sab-kuch\\src\\layout\\Usememo.tsx": {"path":"H:\\All-New-Start\\React-Js\\sab-kuch\\src\\layout\\Usememo.tsx","statementMap":{"0":{"start":{"line":4,"column":0},"end":{"line":4,"column":24}},"1":{"start":{"line":1,"column":0},"end":{"line":1,"column":62}},"2":{"start":{"line":2,"column":0},"end":{"line":2,"column":42}},"3":{"start":{"line":5,"column":24},"end":{"line":5,"column":40}},"4":{"start":{"line":6,"column":28},"end":{"line":6,"column":44}},"5":{"start":{"line":7,"column":15},"end":{"line":7,"column":43}},"6":{"start":{"line":8,"column":17},"end":{"line":10,"column":3}},"7":{"start":{"line":9,"column":4},"end":{"line":9,"column":36}},"8":{"start":{"line":12,"column":16},"end":{"line":15,"column":11}},"9":{"start":{"line":13,"column":4},"end":{"line":13,"column":30}},"10":{"start":{"line":14,"column":4},"end":{"line":14,"column":19}},"11":{"start":{"line":17,"column":2},"end":{"line":38,"column":4}},"12":{"start":{"line":23,"column":25},"end":{"line":23,"column":40}},"13":{"start":{"line":30,"column":25},"end":{"line":30,"column":33}}},"fnMap":{"0":{"name":"Usememo","decl":{"start":{"line":4,"column":24},"end":{"line":4,"column":31}},"loc":{"start":{"line":4,"column":31},"end":{"line":39,"column":1}}},"1":{"name":"(anonymous_2)","decl":{"start":{"line":7,"column":27},"end":{"line":7,"column":30}},"loc":{"start":{"line":7,"column":32},"end":{"line":7,"column":35}}},"2":{"name":"(anonymous_3)","decl":{"start":{"line":8,"column":17},"end":{"line":8,"column":20}},"loc":{"start":{"line":8,"column":22},"end":{"line":10,"column":3}}},"3":{"name":"(anonymous_4)","decl":{"start":{"line":12,"column":24},"end":{"line":12,"column":27}},"loc":{"start":{"line":12,"column":29},"end":{"line":15,"column":3}}},"4":{"name":"(anonymous_5)","decl":{"start":{"line":23,"column":19},"end":{"line":23,"column":22}},"loc":{"start":{"line":23,"column":25},"end":{"line":23,"column":40}}},"5":{"name":"(anonymous_6)","decl":{"start":{"line":30,"column":19},"end":{"line":30,"column":22}},"loc":{"start":{"line":30,"column":25},"end":{"line":30,"column":33}}}},"branchMap":{},"s":{"0":0,"1":0,"2":0,"3":0,"4":0,"5":0,"6":0,"7":0,"8":0,"9":0,"10":0,"11":0,"12":0,"13":0},"f":{"0":0,"1":0,"2":0,"3":0,"4":0,"5":0},"b":{}}
}
