TN:
SF:src\layout\Props-type.tsx
FN:5,(anonymous_9)
FN:5,(anonymous_10)
FN:7,(anonymous_11)
FN:9,(anonymous_12)
FN:12,(anonymous_13)
FN:17,(anonymous_14)
FN:27,(anonymous_15)
FNF:7
FNH:4
FNDA:1,(anonymous_9)
FNDA:1,(anonymous_10)
FNDA:1,(anonymous_11)
FNDA:2,(anonymous_12)
FNDA:0,(anonymous_13)
FNDA:0,(anonymous_14)
FNDA:0,(anonymous_15)
DA:1,1
DA:2,1
DA:4,1
DA:5,2
DA:7,1
DA:9,2
DA:10,1
DA:12,1
DA:13,0
DA:17,1
DA:18,0
DA:20,1
DA:28,0
DA:40,1
LF:14
LH:11
BRDA:26,0,0,0
BRDA:26,0,1,1
BRF:2
BRH:1
end_of_record
