TN:
SF:src\layout\ALL-Lpart-start.tsx
FN:7,(anonymous_0)
FN:12,(anonymous_1)
FN:20,(anonymous_2)
FNF:3
FNH:0
FNDA:0,(anonymous_0)
FNDA:0,(anonymous_1)
FNDA:0,(anonymous_2)
DA:7,0
DA:8,0
DA:13,0
DA:20,0
DA:29,0
LF:5
LH:0
BRDA:16,0,0,0
BRDA:16,0,1,0
BRF:2
BRH:0
end_of_record
TN:
SF:src\layout\All-Lpart-1.tsx
FN:5,AllLart1
FN:32,(anonymous_2)
FN:39,(anonymous_3)
FN:45,(anonymous_4)
FN:50,(anonymous_5)
FN:54,(anonymous_6)
FN:59,(anonymous_7)
FN:62,(anonymous_8)
FN:74,(anonymous_9)
FN:80,(anonymous_10)
FN:92,(anonymous_11)
FN:112,(anonymous_12)
FN:120,(anonymous_13)
FN:125,(anonymous_14)
FN:150,(anonymous_15)
FN:156,(anonymous_16)
FN:168,(anonymous_17)
FN:173,(anonymous_18)
FN:180,(anonymous_19)
FN:192,(anonymous_20)
FN:197,(anonymous_21)
FN:206,(anonymous_22)
FN:211,(anonymous_23)
FNF:23
FNH:0
FNDA:0,AllLart1
FNDA:0,(anonymous_2)
FNDA:0,(anonymous_3)
FNDA:0,(anonymous_4)
FNDA:0,(anonymous_5)
FNDA:0,(anonymous_6)
FNDA:0,(anonymous_7)
FNDA:0,(anonymous_8)
FNDA:0,(anonymous_9)
FNDA:0,(anonymous_10)
FNDA:0,(anonymous_11)
FNDA:0,(anonymous_12)
FNDA:0,(anonymous_13)
FNDA:0,(anonymous_14)
FNDA:0,(anonymous_15)
FNDA:0,(anonymous_16)
FNDA:0,(anonymous_17)
FNDA:0,(anonymous_18)
FNDA:0,(anonymous_19)
FNDA:0,(anonymous_20)
FNDA:0,(anonymous_21)
FNDA:0,(anonymous_22)
FNDA:0,(anonymous_23)
DA:1,0
DA:2,0
DA:3,0
DA:5,0
DA:7,0
DA:8,0
DA:9,0
DA:10,0
DA:11,0
DA:12,0
DA:17,0
DA:22,0
DA:27,0
DA:32,0
DA:33,0
DA:39,0
DA:40,0
DA:41,0
DA:42,0
DA:45,0
DA:46,0
DA:47,0
DA:48,0
DA:50,0
DA:51,0
DA:52,0
DA:54,0
DA:55,0
DA:56,0
DA:59,0
DA:60,0
DA:61,0
DA:62,0
DA:63,0
DA:64,0
DA:65,0
DA:66,0
DA:68,0
DA:70,0
DA:71,0
DA:74,0
DA:75,0
DA:76,0
DA:77,0
DA:80,0
DA:81,0
DA:82,0
DA:83,0
DA:84,0
DA:85,0
DA:86,0
DA:87,0
DA:88,0
DA:89,0
DA:90,0
DA:92,0
DA:93,0
DA:94,0
DA:95,0
DA:96,0
DA:97,0
DA:98,0
DA:99,0
DA:100,0
DA:102,0
DA:103,0
DA:106,0
DA:113,0
DA:120,0
DA:125,0
DA:150,0
DA:156,0
DA:169,0
DA:173,0
DA:181,0
DA:193,0
DA:197,0
DA:207,0
DA:211,0
LF:79
LH:0
BRDA:63,0,0,0
BRDA:164,1,0,0
BRDA:164,1,1,0
BRF:3
BRH:0
end_of_record
TN:
SF:src\layout\All-skills.tsx
FN:4,(anonymous_0)
FN:38,(anonymous_1)
FN:40,(anonymous_2)
FN:40,(anonymous_3)
FN:41,(anonymous_4)
FN:46,(anonymous_5)
FN:47,(anonymous_6)
FN:51,(anonymous_7)
FN:52,(anonymous_8)
FN:53,(anonymous_9)
FN:61,(anonymous_10)
FN:63,(anonymous_11)
FN:67,(anonymous_12)
FN:78,(anonymous_13)
FN:82,(anonymous_14)
FN:100,(anonymous_15)
FN:104,(anonymous_16)
FN:110,(anonymous_17)
FN:119,(anonymous_18)
FN:123,(anonymous_19)
FN:135,(anonymous_20)
FN:146,(anonymous_21)
FN:156,(anonymous_22)
FNF:23
FNH:0
FNDA:0,(anonymous_0)
FNDA:0,(anonymous_1)
FNDA:0,(anonymous_2)
FNDA:0,(anonymous_3)
FNDA:0,(anonymous_4)
FNDA:0,(anonymous_5)
FNDA:0,(anonymous_6)
FNDA:0,(anonymous_7)
FNDA:0,(anonymous_8)
FNDA:0,(anonymous_9)
FNDA:0,(anonymous_10)
FNDA:0,(anonymous_11)
FNDA:0,(anonymous_12)
FNDA:0,(anonymous_13)
FNDA:0,(anonymous_14)
FNDA:0,(anonymous_15)
FNDA:0,(anonymous_16)
FNDA:0,(anonymous_17)
FNDA:0,(anonymous_18)
FNDA:0,(anonymous_19)
FNDA:0,(anonymous_20)
FNDA:0,(anonymous_21)
FNDA:0,(anonymous_22)
DA:1,0
DA:2,0
DA:3,0
DA:4,0
DA:5,0
DA:6,0
DA:7,0
DA:8,0
DA:16,0
DA:26,0
DA:34,0
DA:35,0
DA:36,0
DA:37,0
DA:38,0
DA:39,0
DA:40,0
DA:41,0
DA:42,0
DA:46,0
DA:47,0
DA:48,0
DA:51,0
DA:52,0
DA:53,0
DA:54,0
DA:55,0
DA:56,0
DA:61,0
DA:62,0
DA:63,0
DA:64,0
DA:66,0
DA:67,0
DA:68,0
DA:69,0
DA:70,0
DA:71,0
DA:78,0
DA:79,0
DA:80,0
DA:81,0
DA:82,0
DA:83,0
DA:85,0
DA:93,0
DA:100,0
DA:104,0
DA:111,0
DA:120,0
DA:123,0
DA:136,0
DA:146,0
DA:156,0
DA:165,0
LF:55
LH:0
BRDA:39,0,0,0
BRDA:62,1,0,0
BRDA:66,2,0,0
BRDA:130,3,0,0
BRDA:130,3,1,0
BRDA:134,4,0,0
BRDA:134,4,1,0
BRDA:134,5,0,0
BRDA:134,5,1,0
BRF:9
BRH:0
end_of_record
TN:
SF:src\layout\Call-API.tsx
FN:5,(anonymous_1)
FN:29,(anonymous_2)
FN:33,(anonymous_3)
FNF:3
FNH:1
FNDA:1,(anonymous_1)
FNDA:0,(anonymous_2)
FNDA:0,(anonymous_3)
DA:1,1
DA:2,1
DA:3,1
DA:5,1
DA:6,1
DA:24,1
DA:30,0
DA:34,0
DA:57,1
LF:9
LH:7
BRDA:28,0,0,0
BRDA:28,0,1,1
BRDA:28,1,0,1
BRDA:28,1,1,0
BRDA:31,2,0,0
BRDA:31,2,1,0
BRDA:31,2,2,0
BRDA:35,3,0,0
BRDA:35,3,1,0
BRF:9
BRH:2
end_of_record
TN:
SF:src\layout\Drop.tsx
FN:9,(anonymous_0)
FN:15,(anonymous_1)
FN:22,(anonymous_2)
FN:38,(anonymous_3)
FNF:4
FNH:0
FNDA:0,(anonymous_0)
FNDA:0,(anonymous_1)
FNDA:0,(anonymous_2)
FNDA:0,(anonymous_3)
DA:2,0
DA:9,0
DA:10,0
DA:11,0
DA:12,0
DA:13,0
DA:14,0
DA:15,0
DA:16,0
DA:18,0
DA:23,0
DA:36,0
DA:38,0
DA:39,0
DA:40,0
DA:41,0
LF:16
LH:0
BRDA:25,0,0,0
BRDA:25,0,1,0
BRF:2
BRH:0
end_of_record
TN:
SF:src\layout\Drops1-query.tsx
FN:10,(anonymous_0)
FN:14,(anonymous_1)
FN:32,(anonymous_2)
FN:42,(anonymous_3)
FNF:4
FNH:0
FNDA:0,(anonymous_0)
FNDA:0,(anonymous_1)
FNDA:0,(anonymous_2)
FNDA:0,(anonymous_3)
DA:2,0
DA:3,0
DA:10,0
DA:11,0
DA:13,0
DA:14,0
DA:15,0
DA:16,0
DA:17,0
DA:19,0
DA:27,0
DA:33,0
DA:40,0
DA:42,0
DA:43,0
DA:44,0
DA:45,0
LF:17
LH:0
BRDA:32,0,0,0
BRDA:32,0,1,0
BRDA:32,0,2,0
BRF:3
BRH:0
end_of_record
TN:
SF:src\layout\Header.tsx
FN:4,(anonymous_0)
FN:13,(anonymous_1)
FN:21,(anonymous_2)
FN:29,(anonymous_3)
FN:37,(anonymous_4)
FN:45,(anonymous_5)
FN:50,(anonymous_6)
FN:55,(anonymous_7)
FN:65,(anonymous_8)
FN:73,(anonymous_9)
FN:81,(anonymous_10)
FN:89,(anonymous_11)
FN:97,(anonymous_12)
FNF:13
FNH:0
FNDA:0,(anonymous_0)
FNDA:0,(anonymous_1)
FNDA:0,(anonymous_2)
FNDA:0,(anonymous_3)
FNDA:0,(anonymous_4)
FNDA:0,(anonymous_5)
FNDA:0,(anonymous_6)
FNDA:0,(anonymous_7)
FNDA:0,(anonymous_8)
FNDA:0,(anonymous_9)
FNDA:0,(anonymous_10)
FNDA:0,(anonymous_11)
FNDA:0,(anonymous_12)
DA:2,0
DA:4,0
DA:5,0
DA:6,0
DA:13,0
DA:21,0
DA:29,0
DA:37,0
DA:45,0
DA:51,0
DA:55,0
DA:65,0
DA:73,0
DA:81,0
DA:89,0
DA:97,0
DA:107,0
LF:17
LH:0
BRDA:13,0,0,0
BRDA:13,0,1,0
BRDA:21,1,0,0
BRDA:21,1,1,0
BRDA:29,2,0,0
BRDA:29,2,1,0
BRDA:37,3,0,0
BRDA:37,3,1,0
BRDA:45,4,0,0
BRDA:45,4,1,0
BRDA:55,5,0,0
BRDA:55,5,1,0
BRDA:65,6,0,0
BRDA:65,6,1,0
BRDA:73,7,0,0
BRDA:73,7,1,0
BRDA:81,8,0,0
BRDA:81,8,1,0
BRDA:89,9,0,0
BRDA:89,9,1,0
BRDA:97,10,0,0
BRDA:97,10,1,0
BRF:22
BRH:0
end_of_record
TN:
SF:src\layout\Home.tsx
FN:3,(anonymous_0)
FNF:1
FNH:0
FNDA:0,(anonymous_0)
DA:3,0
DA:4,0
DA:6,0
LF:3
LH:0
BRF:0
BRH:0
end_of_record
TN:
SF:src\layout\Hook3.tsx
FN:7,(anonymous_0)
FN:9,(anonymous_1)
FN:13,(anonymous_2)
FNF:3
FNH:0
FNDA:0,(anonymous_0)
FNDA:0,(anonymous_1)
FNDA:0,(anonymous_2)
DA:1,0
DA:7,0
DA:8,0
DA:9,0
DA:10,0
DA:11,0
DA:13,0
DA:14,0
DA:15,0
DA:16,0
DA:18,0
DA:21,0
LF:12
LH:0
BRF:0
BRH:0
end_of_record
TN:
SF:src\layout\Hook4.tsx
FN:3,Hook4
FN:17,(anonymous_1)
FNF:2
FNH:0
FNDA:0,Hook4
FNDA:0,(anonymous_1)
DA:1,0
DA:2,0
DA:3,0
DA:4,0
DA:5,0
DA:8,0
DA:9,0
DA:18,0
DA:19,0
DA:20,0
LF:10
LH:0
BRDA:19,0,0,0
BRDA:27,1,0,0
BRDA:27,1,1,0
BRF:3
BRH:0
end_of_record
TN:
SF:src\layout\Hook5.tsx
FN:3,Hooks5
FN:6,(anonymous_1)
FN:18,(anonymous_2)
FN:28,(anonymous_3)
FNF:4
FNH:0
FNDA:0,Hooks5
FNDA:0,(anonymous_1)
FNDA:0,(anonymous_2)
FNDA:0,(anonymous_3)
DA:1,0
DA:3,0
DA:4,0
DA:5,0
DA:6,0
DA:7,0
DA:8,0
DA:11,0
DA:18,0
DA:28,0
LF:10
LH:0
BRF:0
BRH:0
end_of_record
TN:
SF:src\layout\Hook6.tsx
FN:7,Hooks6
FNF:1
FNH:0
FNDA:0,Hooks6
DA:7,0
DA:8,0
DA:10,0
LF:3
LH:0
BRF:0
BRH:0
end_of_record
TN:
SF:src\layout\Hooks2.tsx
FN:7,(anonymous_0)
FN:10,(anonymous_1)
FN:12,(anonymous_2)
FN:15,(anonymous_3)
FN:24,(anonymous_4)
FNF:5
FNH:0
FNDA:0,(anonymous_0)
FNDA:0,(anonymous_1)
FNDA:0,(anonymous_2)
FNDA:0,(anonymous_3)
FNDA:0,(anonymous_4)
DA:1,0
DA:7,0
DA:8,0
DA:9,0
DA:10,0
DA:11,0
DA:12,0
DA:15,0
DA:16,0
DA:18,0
DA:19,0
DA:24,0
DA:34,0
LF:13
LH:0
BRDA:24,0,0,0
BRDA:24,0,1,0
BRF:2
BRH:0
end_of_record
TN:
SF:src\layout\Life-cycle.tsx
FN:4,(anonymous_0)
FN:16,(anonymous_1)
FN:19,(anonymous_2)
FN:24,(anonymous_3)
FN:36,(anonymous_4)
FNF:5
FNH:0
FNDA:0,(anonymous_0)
FNDA:0,(anonymous_1)
FNDA:0,(anonymous_2)
FNDA:0,(anonymous_3)
FNDA:0,(anonymous_4)
DA:1,0
DA:3,0
DA:4,0
DA:5,0
DA:6,0
DA:16,0
DA:17,0
DA:19,0
DA:20,0
DA:21,0
DA:24,0
DA:25,0
DA:26,0
DA:30,0
DA:36,0
DA:49,0
LF:16
LH:0
BRF:0
BRH:0
end_of_record
TN:
SF:src\layout\Life-cycle2.tsx
FN:4,Lifecycle2
FNF:1
FNH:0
FNDA:0,Lifecycle2
DA:7,0
DA:10,0
LF:2
LH:0
BRF:0
BRH:0
end_of_record
TN:
SF:src\layout\Loader.tsx
FN:3,Loader
FNF:1
FNH:0
FNDA:0,Loader
DA:3,0
DA:4,0
LF:2
LH:0
BRF:0
BRH:0
end_of_record
TN:
SF:src\layout\Props-child.tsx
FN:8,Propschild
FNF:1
FNH:0
FNDA:0,Propschild
DA:8,0
DA:9,0
LF:2
LH:0
BRF:0
BRH:0
end_of_record
TN:
SF:src\layout\Table-print.tsx
FN:7,Tableprint
FN:12,(anonymous_1)
FN:14,(anonymous_2)
FNF:3
FNH:0
FNDA:0,Tableprint
FNDA:0,(anonymous_1)
FNDA:0,(anonymous_2)
DA:7,0
DA:8,0
DA:13,0
DA:15,0
LF:4
LH:0
BRF:0
BRH:0
end_of_record
TN:
SF:src\layout\Usememo.tsx
FN:4,Usememo
FN:7,(anonymous_2)
FN:8,(anonymous_3)
FN:12,(anonymous_4)
FN:23,(anonymous_5)
FN:30,(anonymous_6)
FNF:6
FNH:0
FNDA:0,Usememo
FNDA:0,(anonymous_2)
FNDA:0,(anonymous_3)
FNDA:0,(anonymous_4)
FNDA:0,(anonymous_5)
FNDA:0,(anonymous_6)
DA:1,0
DA:2,0
DA:4,0
DA:5,0
DA:6,0
DA:7,0
DA:8,0
DA:9,0
DA:12,0
DA:13,0
DA:14,0
DA:17,0
DA:23,0
DA:30,0
LF:14
LH:0
BRF:0
BRH:0
end_of_record
